Terminais sem uso na gramática

   NUM_INT
   NUM_FLOAT


Estado 41 conflitos: 2 de deslocamento/redução
Estado 92 conflitos: 1 de deslocamento/redução


Gramática

    0 $accept: program $end

    1 program: program function
    2        | function

    3 function: argument OPEN_PARENT arguments CLOSE_PARENT OPEN_BRACES statement RETURN IDENTIFIER SEMICOLON CLOSE_BRACES

    4 identifiers: identifiers COMMA IDENTIFIER
    5            | IDENTIFIER
    6            | %empty

    7 identifier_struct: IDENTIFIER
    8                  | IDENTIFIER DOT FIRST

    9 type_struct: type_simple
   10            | type_queue

   11 type_simple: VOID
   12            | FLOAT
   13            | INT
   14            | CHAR

   15 type_queue: QUEUE LT type_simple GT

   16 arguments: arguments COMMA argument
   17          | argument
   18          | %empty

   19 argument: type_struct IDENTIFIER

   20 statements: statements statement
   21           | %empty

   22 statement: argument SEMICOLON
   23          | IDENTIFIER OPEN_PARENT identifiers CLOSE_PARENT SEMICOLON
   24          | IDENTIFIER ASSIGN IDENTIFIER OPEN_PARENT identifiers CLOSE_PARENT SEMICOLON
   25          | IF OPEN_PARENT compare_expression CLOSE_PARENT statement
   26          | IF OPEN_PARENT compare_expression CLOSE_PARENT statement ELSE statement
   27          | WHILE OPEN_PARENT compare_expression CLOSE_PARENT statement
   28          | IDENTIFIER ASSIGN assignment_expression SEMICOLON
   29          | identifier_struct_expression
   30          | OPEN_BRACES statements CLOSE_BRACES

   31 compare_expression: identifier_struct compare_assignment identifier_struct

   32 compare_assignment: EQ
   33                   | NEQ
   34                   | LEQ
   35                   | GEQ
   36                   | LT
   37                   | GT

   38 assignment_expression: assignment_expression PLUS term
   39                      | assignment_expression MINUS term
   40                      | term

   41 term: term MULT factor
   42     | term DIV factor
   43     | factor

   44 factor: identifier_struct
   45       | QUOTE CARACTERE QUOTE
   46       | OPEN_PARENT assignment_expression CLOSE_PARENT

   47 identifier_struct_expression: IDENTIFIER ASSIGN IDENTIFIER PLUS IDENTIFIER SEMICOLON
   48                             | IDENTIFIER ASSIGN IDENTIFIER MINUS IDENTIFIER SEMICOLON


Terminais, com as regras onde eles aparecem

$end (0) 0
error (256)
NUM_INT (258)
NUM_FLOAT (259)
CARACTERE (260) 45
IDENTIFIER (261) 3 4 5 7 8 19 23 24 28 47 48
WHILE (262) 27
IF (263) 25 26
ELSE (264) 26
RETURN (265) 3
QUEUE (266) 15
FIRST (267) 8
VOID (268) 11
FLOAT (269) 12
INT (270) 13
CHAR (271) 14
DOT (272) 8
SEMICOLON (273) 3 22 23 24 28 47 48
COMMA (274) 4 16
QUOTE (275) 45
OPEN_BRACES (276) 3 30
CLOSE_BRACES (277) 3 30
OPEN_PARENT (278) 3 23 24 25 26 27 46
CLOSE_PARENT (279) 3 23 24 25 26 27 46
PLUS (280) 38 47
MINUS (281) 39 48
MULT (282) 41
DIV (283) 42
EQ (284) 32
NEQ (285) 33
LEQ (286) 34
GEQ (287) 35
LT (288) 15 36
GT (289) 15 37
ASSIGN (290) 24 28 47 48


Não terminais com as regras onde eles aparecem

$accept (36)
    à esquerda: 0
program (37)
    à esquerda: 1 2, à direita: 0 1
function (38)
    à esquerda: 3, à direita: 1 2
identifiers (39)
    à esquerda: 4 5 6, à direita: 4 23 24
identifier_struct (40)
    à esquerda: 7 8, à direita: 31 44
type_struct (41)
    à esquerda: 9 10, à direita: 19
type_simple (42)
    à esquerda: 11 12 13 14, à direita: 9 15
type_queue (43)
    à esquerda: 15, à direita: 10
arguments (44)
    à esquerda: 16 17 18, à direita: 3 16
argument (45)
    à esquerda: 19, à direita: 3 16 17 22
statements (46)
    à esquerda: 20 21, à direita: 20 30
statement (47)
    à esquerda: 22 23 24 25 26 27 28 29 30, à direita: 3 20 25 26
    27
compare_expression (48)
    à esquerda: 31, à direita: 25 26 27
compare_assignment (49)
    à esquerda: 32 33 34 35 36 37, à direita: 31
assignment_expression (50)
    à esquerda: 38 39 40, à direita: 28 38 39 46
term (51)
    à esquerda: 41 42 43, à direita: 38 39 40 41 42
factor (52)
    à esquerda: 44 45 46, à direita: 41 42 43
identifier_struct_expression (53)
    à esquerda: 47 48, à direita: 29


Estado 0

    0 $accept: . program $end

    QUEUE  deslocar, e ir ao estado 1
    VOID   deslocar, e ir ao estado 2
    FLOAT  deslocar, e ir ao estado 3
    INT    deslocar, e ir ao estado 4
    CHAR   deslocar, e ir ao estado 5

    program      ir ao estado 6
    function     ir ao estado 7
    type_struct  ir ao estado 8
    type_simple  ir ao estado 9
    type_queue   ir ao estado 10
    argument     ir ao estado 11


Estado 1

   15 type_queue: QUEUE . LT type_simple GT

    LT  deslocar, e ir ao estado 12


Estado 2

   11 type_simple: VOID .

    $padrão  reduzir usando a regra 11 (type_simple)


Estado 3

   12 type_simple: FLOAT .

    $padrão  reduzir usando a regra 12 (type_simple)


Estado 4

   13 type_simple: INT .

    $padrão  reduzir usando a regra 13 (type_simple)


Estado 5

   14 type_simple: CHAR .

    $padrão  reduzir usando a regra 14 (type_simple)


Estado 6

    0 $accept: program . $end
    1 program: program . function

    $end   deslocar, e ir ao estado 13
    QUEUE  deslocar, e ir ao estado 1
    VOID   deslocar, e ir ao estado 2
    FLOAT  deslocar, e ir ao estado 3
    INT    deslocar, e ir ao estado 4
    CHAR   deslocar, e ir ao estado 5

    function     ir ao estado 14
    type_struct  ir ao estado 8
    type_simple  ir ao estado 9
    type_queue   ir ao estado 10
    argument     ir ao estado 11


Estado 7

    2 program: function .

    $padrão  reduzir usando a regra 2 (program)


Estado 8

   19 argument: type_struct . IDENTIFIER

    IDENTIFIER  deslocar, e ir ao estado 15


Estado 9

    9 type_struct: type_simple .

    $padrão  reduzir usando a regra 9 (type_struct)


Estado 10

   10 type_struct: type_queue .

    $padrão  reduzir usando a regra 10 (type_struct)


Estado 11

    3 function: argument . OPEN_PARENT arguments CLOSE_PARENT OPEN_BRACES statement RETURN IDENTIFIER SEMICOLON CLOSE_BRACES

    OPEN_PARENT  deslocar, e ir ao estado 16


Estado 12

   15 type_queue: QUEUE LT . type_simple GT

    VOID   deslocar, e ir ao estado 2
    FLOAT  deslocar, e ir ao estado 3
    INT    deslocar, e ir ao estado 4
    CHAR   deslocar, e ir ao estado 5

    type_simple  ir ao estado 17


Estado 13

    0 $accept: program $end .

    $padrão  aceitar


Estado 14

    1 program: program function .

    $padrão  reduzir usando a regra 1 (program)


Estado 15

   19 argument: type_struct IDENTIFIER .

    $padrão  reduzir usando a regra 19 (argument)


Estado 16

    3 function: argument OPEN_PARENT . arguments CLOSE_PARENT OPEN_BRACES statement RETURN IDENTIFIER SEMICOLON CLOSE_BRACES

    QUEUE  deslocar, e ir ao estado 1
    VOID   deslocar, e ir ao estado 2
    FLOAT  deslocar, e ir ao estado 3
    INT    deslocar, e ir ao estado 4
    CHAR   deslocar, e ir ao estado 5

    $padrão  reduzir usando a regra 18 (arguments)

    type_struct  ir ao estado 8
    type_simple  ir ao estado 9
    type_queue   ir ao estado 10
    arguments    ir ao estado 18
    argument     ir ao estado 19


Estado 17

   15 type_queue: QUEUE LT type_simple . GT

    GT  deslocar, e ir ao estado 20


Estado 18

    3 function: argument OPEN_PARENT arguments . CLOSE_PARENT OPEN_BRACES statement RETURN IDENTIFIER SEMICOLON CLOSE_BRACES
   16 arguments: arguments . COMMA argument

    COMMA         deslocar, e ir ao estado 21
    CLOSE_PARENT  deslocar, e ir ao estado 22


Estado 19

   17 arguments: argument .

    $padrão  reduzir usando a regra 17 (arguments)


Estado 20

   15 type_queue: QUEUE LT type_simple GT .

    $padrão  reduzir usando a regra 15 (type_queue)


Estado 21

   16 arguments: arguments COMMA . argument

    QUEUE  deslocar, e ir ao estado 1
    VOID   deslocar, e ir ao estado 2
    FLOAT  deslocar, e ir ao estado 3
    INT    deslocar, e ir ao estado 4
    CHAR   deslocar, e ir ao estado 5

    type_struct  ir ao estado 8
    type_simple  ir ao estado 9
    type_queue   ir ao estado 10
    argument     ir ao estado 23


Estado 22

    3 function: argument OPEN_PARENT arguments CLOSE_PARENT . OPEN_BRACES statement RETURN IDENTIFIER SEMICOLON CLOSE_BRACES

    OPEN_BRACES  deslocar, e ir ao estado 24


Estado 23

   16 arguments: arguments COMMA argument .

    $padrão  reduzir usando a regra 16 (arguments)


Estado 24

    3 function: argument OPEN_PARENT arguments CLOSE_PARENT OPEN_BRACES . statement RETURN IDENTIFIER SEMICOLON CLOSE_BRACES

    IDENTIFIER   deslocar, e ir ao estado 25
    WHILE        deslocar, e ir ao estado 26
    IF           deslocar, e ir ao estado 27
    QUEUE        deslocar, e ir ao estado 1
    VOID         deslocar, e ir ao estado 2
    FLOAT        deslocar, e ir ao estado 3
    INT          deslocar, e ir ao estado 4
    CHAR         deslocar, e ir ao estado 5
    OPEN_BRACES  deslocar, e ir ao estado 28

    type_struct                   ir ao estado 8
    type_simple                   ir ao estado 9
    type_queue                    ir ao estado 10
    argument                      ir ao estado 29
    statement                     ir ao estado 30
    identifier_struct_expression  ir ao estado 31


Estado 25

   23 statement: IDENTIFIER . OPEN_PARENT identifiers CLOSE_PARENT SEMICOLON
   24          | IDENTIFIER . ASSIGN IDENTIFIER OPEN_PARENT identifiers CLOSE_PARENT SEMICOLON
   28          | IDENTIFIER . ASSIGN assignment_expression SEMICOLON
   47 identifier_struct_expression: IDENTIFIER . ASSIGN IDENTIFIER PLUS IDENTIFIER SEMICOLON
   48                             | IDENTIFIER . ASSIGN IDENTIFIER MINUS IDENTIFIER SEMICOLON

    OPEN_PARENT  deslocar, e ir ao estado 32
    ASSIGN       deslocar, e ir ao estado 33


Estado 26

   27 statement: WHILE . OPEN_PARENT compare_expression CLOSE_PARENT statement

    OPEN_PARENT  deslocar, e ir ao estado 34


Estado 27

   25 statement: IF . OPEN_PARENT compare_expression CLOSE_PARENT statement
   26          | IF . OPEN_PARENT compare_expression CLOSE_PARENT statement ELSE statement

    OPEN_PARENT  deslocar, e ir ao estado 35


Estado 28

   30 statement: OPEN_BRACES . statements CLOSE_BRACES

    $padrão  reduzir usando a regra 21 (statements)

    statements  ir ao estado 36


Estado 29

   22 statement: argument . SEMICOLON

    SEMICOLON  deslocar, e ir ao estado 37


Estado 30

    3 function: argument OPEN_PARENT arguments CLOSE_PARENT OPEN_BRACES statement . RETURN IDENTIFIER SEMICOLON CLOSE_BRACES

    RETURN  deslocar, e ir ao estado 38


Estado 31

   29 statement: identifier_struct_expression .

    $padrão  reduzir usando a regra 29 (statement)


Estado 32

   23 statement: IDENTIFIER OPEN_PARENT . identifiers CLOSE_PARENT SEMICOLON

    IDENTIFIER  deslocar, e ir ao estado 39

    $padrão  reduzir usando a regra 6 (identifiers)

    identifiers  ir ao estado 40


Estado 33

   24 statement: IDENTIFIER ASSIGN . IDENTIFIER OPEN_PARENT identifiers CLOSE_PARENT SEMICOLON
   28          | IDENTIFIER ASSIGN . assignment_expression SEMICOLON
   47 identifier_struct_expression: IDENTIFIER ASSIGN . IDENTIFIER PLUS IDENTIFIER SEMICOLON
   48                             | IDENTIFIER ASSIGN . IDENTIFIER MINUS IDENTIFIER SEMICOLON

    IDENTIFIER   deslocar, e ir ao estado 41
    QUOTE        deslocar, e ir ao estado 42
    OPEN_PARENT  deslocar, e ir ao estado 43

    identifier_struct      ir ao estado 44
    assignment_expression  ir ao estado 45
    term                   ir ao estado 46
    factor                 ir ao estado 47


Estado 34

   27 statement: WHILE OPEN_PARENT . compare_expression CLOSE_PARENT statement

    IDENTIFIER  deslocar, e ir ao estado 48

    identifier_struct   ir ao estado 49
    compare_expression  ir ao estado 50


Estado 35

   25 statement: IF OPEN_PARENT . compare_expression CLOSE_PARENT statement
   26          | IF OPEN_PARENT . compare_expression CLOSE_PARENT statement ELSE statement

    IDENTIFIER  deslocar, e ir ao estado 48

    identifier_struct   ir ao estado 49
    compare_expression  ir ao estado 51


Estado 36

   20 statements: statements . statement
   30 statement: OPEN_BRACES statements . CLOSE_BRACES

    IDENTIFIER    deslocar, e ir ao estado 25
    WHILE         deslocar, e ir ao estado 26
    IF            deslocar, e ir ao estado 27
    QUEUE         deslocar, e ir ao estado 1
    VOID          deslocar, e ir ao estado 2
    FLOAT         deslocar, e ir ao estado 3
    INT           deslocar, e ir ao estado 4
    CHAR          deslocar, e ir ao estado 5
    OPEN_BRACES   deslocar, e ir ao estado 28
    CLOSE_BRACES  deslocar, e ir ao estado 52

    type_struct                   ir ao estado 8
    type_simple                   ir ao estado 9
    type_queue                    ir ao estado 10
    argument                      ir ao estado 29
    statement                     ir ao estado 53
    identifier_struct_expression  ir ao estado 31


Estado 37

   22 statement: argument SEMICOLON .

    $padrão  reduzir usando a regra 22 (statement)


Estado 38

    3 function: argument OPEN_PARENT arguments CLOSE_PARENT OPEN_BRACES statement RETURN . IDENTIFIER SEMICOLON CLOSE_BRACES

    IDENTIFIER  deslocar, e ir ao estado 54


Estado 39

    5 identifiers: IDENTIFIER .

    $padrão  reduzir usando a regra 5 (identifiers)


Estado 40

    4 identifiers: identifiers . COMMA IDENTIFIER
   23 statement: IDENTIFIER OPEN_PARENT identifiers . CLOSE_PARENT SEMICOLON

    COMMA         deslocar, e ir ao estado 55
    CLOSE_PARENT  deslocar, e ir ao estado 56


Estado 41

    7 identifier_struct: IDENTIFIER .
    8                  | IDENTIFIER . DOT FIRST
   24 statement: IDENTIFIER ASSIGN IDENTIFIER . OPEN_PARENT identifiers CLOSE_PARENT SEMICOLON
   47 identifier_struct_expression: IDENTIFIER ASSIGN IDENTIFIER . PLUS IDENTIFIER SEMICOLON
   48                             | IDENTIFIER ASSIGN IDENTIFIER . MINUS IDENTIFIER SEMICOLON

    DOT          deslocar, e ir ao estado 57
    OPEN_PARENT  deslocar, e ir ao estado 58
    PLUS         deslocar, e ir ao estado 59
    MINUS        deslocar, e ir ao estado 60

    PLUS      [reduzir usando a regra 7 (identifier_struct)]
    MINUS     [reduzir usando a regra 7 (identifier_struct)]
    $padrão  reduzir usando a regra 7 (identifier_struct)


Estado 42

   45 factor: QUOTE . CARACTERE QUOTE

    CARACTERE  deslocar, e ir ao estado 61


Estado 43

   46 factor: OPEN_PARENT . assignment_expression CLOSE_PARENT

    IDENTIFIER   deslocar, e ir ao estado 48
    QUOTE        deslocar, e ir ao estado 42
    OPEN_PARENT  deslocar, e ir ao estado 43

    identifier_struct      ir ao estado 44
    assignment_expression  ir ao estado 62
    term                   ir ao estado 46
    factor                 ir ao estado 47


Estado 44

   44 factor: identifier_struct .

    $padrão  reduzir usando a regra 44 (factor)


Estado 45

   28 statement: IDENTIFIER ASSIGN assignment_expression . SEMICOLON
   38 assignment_expression: assignment_expression . PLUS term
   39                      | assignment_expression . MINUS term

    SEMICOLON  deslocar, e ir ao estado 63
    PLUS       deslocar, e ir ao estado 64
    MINUS      deslocar, e ir ao estado 65


Estado 46

   40 assignment_expression: term .
   41 term: term . MULT factor
   42     | term . DIV factor

    MULT  deslocar, e ir ao estado 66
    DIV   deslocar, e ir ao estado 67

    $padrão  reduzir usando a regra 40 (assignment_expression)


Estado 47

   43 term: factor .

    $padrão  reduzir usando a regra 43 (term)


Estado 48

    7 identifier_struct: IDENTIFIER .
    8                  | IDENTIFIER . DOT FIRST

    DOT  deslocar, e ir ao estado 57

    $padrão  reduzir usando a regra 7 (identifier_struct)


Estado 49

   31 compare_expression: identifier_struct . compare_assignment identifier_struct

    EQ   deslocar, e ir ao estado 68
    NEQ  deslocar, e ir ao estado 69
    LEQ  deslocar, e ir ao estado 70
    GEQ  deslocar, e ir ao estado 71
    LT   deslocar, e ir ao estado 72
    GT   deslocar, e ir ao estado 73

    compare_assignment  ir ao estado 74


Estado 50

   27 statement: WHILE OPEN_PARENT compare_expression . CLOSE_PARENT statement

    CLOSE_PARENT  deslocar, e ir ao estado 75


Estado 51

   25 statement: IF OPEN_PARENT compare_expression . CLOSE_PARENT statement
   26          | IF OPEN_PARENT compare_expression . CLOSE_PARENT statement ELSE statement

    CLOSE_PARENT  deslocar, e ir ao estado 76


Estado 52

   30 statement: OPEN_BRACES statements CLOSE_BRACES .

    $padrão  reduzir usando a regra 30 (statement)


Estado 53

   20 statements: statements statement .

    $padrão  reduzir usando a regra 20 (statements)


Estado 54

    3 function: argument OPEN_PARENT arguments CLOSE_PARENT OPEN_BRACES statement RETURN IDENTIFIER . SEMICOLON CLOSE_BRACES

    SEMICOLON  deslocar, e ir ao estado 77


Estado 55

    4 identifiers: identifiers COMMA . IDENTIFIER

    IDENTIFIER  deslocar, e ir ao estado 78


Estado 56

   23 statement: IDENTIFIER OPEN_PARENT identifiers CLOSE_PARENT . SEMICOLON

    SEMICOLON  deslocar, e ir ao estado 79


Estado 57

    8 identifier_struct: IDENTIFIER DOT . FIRST

    FIRST  deslocar, e ir ao estado 80


Estado 58

   24 statement: IDENTIFIER ASSIGN IDENTIFIER OPEN_PARENT . identifiers CLOSE_PARENT SEMICOLON

    IDENTIFIER  deslocar, e ir ao estado 39

    $padrão  reduzir usando a regra 6 (identifiers)

    identifiers  ir ao estado 81


Estado 59

   47 identifier_struct_expression: IDENTIFIER ASSIGN IDENTIFIER PLUS . IDENTIFIER SEMICOLON

    IDENTIFIER  deslocar, e ir ao estado 82


Estado 60

   48 identifier_struct_expression: IDENTIFIER ASSIGN IDENTIFIER MINUS . IDENTIFIER SEMICOLON

    IDENTIFIER  deslocar, e ir ao estado 83


Estado 61

   45 factor: QUOTE CARACTERE . QUOTE

    QUOTE  deslocar, e ir ao estado 84


Estado 62

   38 assignment_expression: assignment_expression . PLUS term
   39                      | assignment_expression . MINUS term
   46 factor: OPEN_PARENT assignment_expression . CLOSE_PARENT

    CLOSE_PARENT  deslocar, e ir ao estado 85
    PLUS          deslocar, e ir ao estado 64
    MINUS         deslocar, e ir ao estado 65


Estado 63

   28 statement: IDENTIFIER ASSIGN assignment_expression SEMICOLON .

    $padrão  reduzir usando a regra 28 (statement)


Estado 64

   38 assignment_expression: assignment_expression PLUS . term

    IDENTIFIER   deslocar, e ir ao estado 48
    QUOTE        deslocar, e ir ao estado 42
    OPEN_PARENT  deslocar, e ir ao estado 43

    identifier_struct  ir ao estado 44
    term               ir ao estado 86
    factor             ir ao estado 47


Estado 65

   39 assignment_expression: assignment_expression MINUS . term

    IDENTIFIER   deslocar, e ir ao estado 48
    QUOTE        deslocar, e ir ao estado 42
    OPEN_PARENT  deslocar, e ir ao estado 43

    identifier_struct  ir ao estado 44
    term               ir ao estado 87
    factor             ir ao estado 47


Estado 66

   41 term: term MULT . factor

    IDENTIFIER   deslocar, e ir ao estado 48
    QUOTE        deslocar, e ir ao estado 42
    OPEN_PARENT  deslocar, e ir ao estado 43

    identifier_struct  ir ao estado 44
    factor             ir ao estado 88


Estado 67

   42 term: term DIV . factor

    IDENTIFIER   deslocar, e ir ao estado 48
    QUOTE        deslocar, e ir ao estado 42
    OPEN_PARENT  deslocar, e ir ao estado 43

    identifier_struct  ir ao estado 44
    factor             ir ao estado 89


Estado 68

   32 compare_assignment: EQ .

    $padrão  reduzir usando a regra 32 (compare_assignment)


Estado 69

   33 compare_assignment: NEQ .

    $padrão  reduzir usando a regra 33 (compare_assignment)


Estado 70

   34 compare_assignment: LEQ .

    $padrão  reduzir usando a regra 34 (compare_assignment)


Estado 71

   35 compare_assignment: GEQ .

    $padrão  reduzir usando a regra 35 (compare_assignment)


Estado 72

   36 compare_assignment: LT .

    $padrão  reduzir usando a regra 36 (compare_assignment)


Estado 73

   37 compare_assignment: GT .

    $padrão  reduzir usando a regra 37 (compare_assignment)


Estado 74

   31 compare_expression: identifier_struct compare_assignment . identifier_struct

    IDENTIFIER  deslocar, e ir ao estado 48

    identifier_struct  ir ao estado 90


Estado 75

   27 statement: WHILE OPEN_PARENT compare_expression CLOSE_PARENT . statement

    IDENTIFIER   deslocar, e ir ao estado 25
    WHILE        deslocar, e ir ao estado 26
    IF           deslocar, e ir ao estado 27
    QUEUE        deslocar, e ir ao estado 1
    VOID         deslocar, e ir ao estado 2
    FLOAT        deslocar, e ir ao estado 3
    INT          deslocar, e ir ao estado 4
    CHAR         deslocar, e ir ao estado 5
    OPEN_BRACES  deslocar, e ir ao estado 28

    type_struct                   ir ao estado 8
    type_simple                   ir ao estado 9
    type_queue                    ir ao estado 10
    argument                      ir ao estado 29
    statement                     ir ao estado 91
    identifier_struct_expression  ir ao estado 31


Estado 76

   25 statement: IF OPEN_PARENT compare_expression CLOSE_PARENT . statement
   26          | IF OPEN_PARENT compare_expression CLOSE_PARENT . statement ELSE statement

    IDENTIFIER   deslocar, e ir ao estado 25
    WHILE        deslocar, e ir ao estado 26
    IF           deslocar, e ir ao estado 27
    QUEUE        deslocar, e ir ao estado 1
    VOID         deslocar, e ir ao estado 2
    FLOAT        deslocar, e ir ao estado 3
    INT          deslocar, e ir ao estado 4
    CHAR         deslocar, e ir ao estado 5
    OPEN_BRACES  deslocar, e ir ao estado 28

    type_struct                   ir ao estado 8
    type_simple                   ir ao estado 9
    type_queue                    ir ao estado 10
    argument                      ir ao estado 29
    statement                     ir ao estado 92
    identifier_struct_expression  ir ao estado 31


Estado 77

    3 function: argument OPEN_PARENT arguments CLOSE_PARENT OPEN_BRACES statement RETURN IDENTIFIER SEMICOLON . CLOSE_BRACES

    CLOSE_BRACES  deslocar, e ir ao estado 93


Estado 78

    4 identifiers: identifiers COMMA IDENTIFIER .

    $padrão  reduzir usando a regra 4 (identifiers)


Estado 79

   23 statement: IDENTIFIER OPEN_PARENT identifiers CLOSE_PARENT SEMICOLON .

    $padrão  reduzir usando a regra 23 (statement)


Estado 80

    8 identifier_struct: IDENTIFIER DOT FIRST .

    $padrão  reduzir usando a regra 8 (identifier_struct)


Estado 81

    4 identifiers: identifiers . COMMA IDENTIFIER
   24 statement: IDENTIFIER ASSIGN IDENTIFIER OPEN_PARENT identifiers . CLOSE_PARENT SEMICOLON

    COMMA         deslocar, e ir ao estado 55
    CLOSE_PARENT  deslocar, e ir ao estado 94


Estado 82

   47 identifier_struct_expression: IDENTIFIER ASSIGN IDENTIFIER PLUS IDENTIFIER . SEMICOLON

    SEMICOLON  deslocar, e ir ao estado 95


Estado 83

   48 identifier_struct_expression: IDENTIFIER ASSIGN IDENTIFIER MINUS IDENTIFIER . SEMICOLON

    SEMICOLON  deslocar, e ir ao estado 96


Estado 84

   45 factor: QUOTE CARACTERE QUOTE .

    $padrão  reduzir usando a regra 45 (factor)


Estado 85

   46 factor: OPEN_PARENT assignment_expression CLOSE_PARENT .

    $padrão  reduzir usando a regra 46 (factor)


Estado 86

   38 assignment_expression: assignment_expression PLUS term .
   41 term: term . MULT factor
   42     | term . DIV factor

    MULT  deslocar, e ir ao estado 66
    DIV   deslocar, e ir ao estado 67

    $padrão  reduzir usando a regra 38 (assignment_expression)


Estado 87

   39 assignment_expression: assignment_expression MINUS term .
   41 term: term . MULT factor
   42     | term . DIV factor

    MULT  deslocar, e ir ao estado 66
    DIV   deslocar, e ir ao estado 67

    $padrão  reduzir usando a regra 39 (assignment_expression)


Estado 88

   41 term: term MULT factor .

    $padrão  reduzir usando a regra 41 (term)


Estado 89

   42 term: term DIV factor .

    $padrão  reduzir usando a regra 42 (term)


Estado 90

   31 compare_expression: identifier_struct compare_assignment identifier_struct .

    $padrão  reduzir usando a regra 31 (compare_expression)


Estado 91

   27 statement: WHILE OPEN_PARENT compare_expression CLOSE_PARENT statement .

    $padrão  reduzir usando a regra 27 (statement)


Estado 92

   25 statement: IF OPEN_PARENT compare_expression CLOSE_PARENT statement .
   26          | IF OPEN_PARENT compare_expression CLOSE_PARENT statement . ELSE statement

    ELSE  deslocar, e ir ao estado 97

    ELSE      [reduzir usando a regra 25 (statement)]
    $padrão  reduzir usando a regra 25 (statement)


Estado 93

    3 function: argument OPEN_PARENT arguments CLOSE_PARENT OPEN_BRACES statement RETURN IDENTIFIER SEMICOLON CLOSE_BRACES .

    $padrão  reduzir usando a regra 3 (function)


Estado 94

   24 statement: IDENTIFIER ASSIGN IDENTIFIER OPEN_PARENT identifiers CLOSE_PARENT . SEMICOLON

    SEMICOLON  deslocar, e ir ao estado 98


Estado 95

   47 identifier_struct_expression: IDENTIFIER ASSIGN IDENTIFIER PLUS IDENTIFIER SEMICOLON .

    $padrão  reduzir usando a regra 47 (identifier_struct_expression)


Estado 96

   48 identifier_struct_expression: IDENTIFIER ASSIGN IDENTIFIER MINUS IDENTIFIER SEMICOLON .

    $padrão  reduzir usando a regra 48 (identifier_struct_expression)


Estado 97

   26 statement: IF OPEN_PARENT compare_expression CLOSE_PARENT statement ELSE . statement

    IDENTIFIER   deslocar, e ir ao estado 25
    WHILE        deslocar, e ir ao estado 26
    IF           deslocar, e ir ao estado 27
    QUEUE        deslocar, e ir ao estado 1
    VOID         deslocar, e ir ao estado 2
    FLOAT        deslocar, e ir ao estado 3
    INT          deslocar, e ir ao estado 4
    CHAR         deslocar, e ir ao estado 5
    OPEN_BRACES  deslocar, e ir ao estado 28

    type_struct                   ir ao estado 8
    type_simple                   ir ao estado 9
    type_queue                    ir ao estado 10
    argument                      ir ao estado 29
    statement                     ir ao estado 99
    identifier_struct_expression  ir ao estado 31


Estado 98

   24 statement: IDENTIFIER ASSIGN IDENTIFIER OPEN_PARENT identifiers CLOSE_PARENT SEMICOLON .

    $padrão  reduzir usando a regra 24 (statement)


Estado 99

   26 statement: IF OPEN_PARENT compare_expression CLOSE_PARENT statement ELSE statement .

    $padrão  reduzir usando a regra 26 (statement)
